* using log directory ‘/home/onyxia/work/asta/asta.Rcheck’
* using R version 4.3.1 (2023-06-16)
* using platform: x86_64-pc-linux-gnu (64-bit)
* R was compiled by
    gcc (Ubuntu 11.3.0-1ubuntu1~22.04.1) 11.3.0
    GNU Fortran (Ubuntu 11.3.0-1ubuntu1~22.04.1) 11.3.0
* running under: Ubuntu 22.04.2 LTS
* using session charset: UTF-8
* using options ‘--no-manual --as-cran’
* checking for file ‘asta/DESCRIPTION’ ... OK
* this is package ‘asta’ version ‘1.1’
* package encoding: UTF-8
* checking package namespace information ... OK
* checking package dependencies ... NOTE
Imports includes 21 non-default packages.
Importing from so many packages makes the package vulnerable to any of
them becoming unavailable.  Move as many as possible to Suggests and
use conditionally.
* checking if this is a source package ... OK
* checking if there is a namespace ... OK
* checking for executable files ... OK
* checking for hidden files and directories ... OK
* checking for portable file names ... OK
* checking for sufficient/correct file permissions ... OK
* checking serialization versions ... OK
* checking whether package ‘asta’ can be installed ... [31s/26s] WARNING
Found the following significant warnings:
  Warning: replacing previous import ‘dplyr::filter’ by ‘stats::filter’ when loading ‘asta’
See ‘/home/onyxia/work/asta/asta.Rcheck/00install.out’ for details.
* checking installed package size ... NOTE
  installed size is  8.9Mb
  sub-directories of 1Mb or more:
    app   2.8Mb
    doc   5.5Mb
* checking package directory ... OK
* checking for future file timestamps ... OK
* checking ‘build’ directory ... OK
* checking DESCRIPTION meta-information ... WARNING
Invalid license file pointers: LICENSE
* checking top-level files ... OK
* checking for left-over files ... OK
* checking index information ... OK
* checking package subdirectories ... OK
* checking R files for non-ASCII characters ... WARNING
Found the following files with non-ASCII characters:
  fct_graphggplotly_diagbarre.R
  mod_stat1_inf_tests.R
  mod_stat1.R
  mod_stat2_redress_corrna.R
  mod_stat2_redress_impact.R
  mod_stat3_acp.R
  mod_stat3_cah.R
  mod_stat3.R
  mod_stat4_lineaire_multiple.R
  mod_stat4_lineaire_simple.R
  mod_stat4_logistique.R
  mod_stat4.R
  mod_stat5_desaisonnalisation_mm.R
  mod_stat5_desaisonnalisation_regression.R
  mod_stat6.R
Portable packages must use only ASCII characters in their R code,
except perhaps in comments.
Use \uxxxx escapes for other characters.
* checking R files for syntax errors ... OK
* checking whether the package can be loaded ... OK
* checking whether the package can be loaded with stated dependencies ... OK
* checking whether the package can be unloaded cleanly ... OK
* checking whether the namespace can be loaded with stated dependencies ... OK
* checking whether the namespace can be unloaded cleanly ... OK
* checking loading without being on the library search path ... OK
* checking dependencies in R code ... NOTE
Namespace in Imports field not imported from: ‘broom.helpers’
  All declared Imports should be used.
* checking S3 generic/method consistency ... OK
* checking replacement functions ... OK
* checking foreign function calls ... OK
* checking R code for possible problems ... [61s/49s] OK
* checking Rd files ... OK
* checking Rd metadata ... OK
* checking Rd line widths ... OK
* checking Rd cross-references ... OK
* checking for missing documentation entries ... OK
* checking for code/documentation mismatches ... OK
* checking Rd \usage sections ... OK
* checking Rd contents ... OK
* checking for unstated dependencies in examples ... OK
* checking contents of ‘data’ directory ... OK
* checking data for non-ASCII characters ... OK
* checking LazyData ... OK
* checking data for ASCII and uncompressed saves ... OK
* checking installed files from ‘inst/doc’ ... OK
* checking files in ‘vignettes’ ... OK
* checking examples ... [47s/50s] OK
Examples with CPU (user + system) or elapsed time > 5s
                           user system elapsed
histoplotly_simul         8.890  0.451  12.082
simul_moyenne             8.204  0.497   9.760
graphggplotly_qualiquanti 2.673  4.116   1.624
* checking for unstated dependencies in vignettes ... OK
* checking package vignettes in ‘inst/doc’ ... OK
* checking re-building of vignette outputs ... [90s/78s] OK
* checking for non-standard things in the check directory ... OK
* checking for detritus in the temp directory ... OK
* DONE
Status: 3 WARNINGs, 3 NOTEs
