* installing *source* package 'asta' ...
** using staged installation
** R
** data
*** moving datasets to lazyload DB
** inst
** byte-compile and prepare package for lazy loading
Warning: replacing previous import 'lifecycle::last_warnings' by 'rlang::last_warnings' when loading 'pillar'
Warning: replacing previous import 'lifecycle::last_warnings' by 'rlang::last_warnings' when loading 'tibble'
Warning: replacing previous import 'lifecycle::last_warnings' by 'rlang::last_warnings' when loading 'hms'
Warning: replacing previous import 'dplyr::filter' by 'stats::filter' when loading 'asta'
** help
*** installing help indices
** building package indices
** installing vignettes
** testing if installed package can be loaded from temporary location
*** arch - i386
Warning: replacing previous import 'lifecycle::last_warnings' by 'rlang::last_warnings' when loading 'pillar'
Warning: replacing previous import 'lifecycle::last_warnings' by 'rlang::last_warnings' when loading 'tibble'
Warning: replacing previous import 'lifecycle::last_warnings' by 'rlang::last_warnings' when loading 'hms'
Warning: replacing previous import 'dplyr::filter' by 'stats::filter' when loading 'asta'
*** arch - x64
Warning: replacing previous import 'lifecycle::last_warnings' by 'rlang::last_warnings' when loading 'pillar'
Warning: replacing previous import 'lifecycle::last_warnings' by 'rlang::last_warnings' when loading 'tibble'
Warning: replacing previous import 'lifecycle::last_warnings' by 'rlang::last_warnings' when loading 'hms'
Warning: replacing previous import 'dplyr::filter' by 'stats::filter' when loading 'asta'
** testing if installed package can be loaded from final location
*** arch - i386
Warning: replacing previous import 'lifecycle::last_warnings' by 'rlang::last_warnings' when loading 'pillar'
Warning: replacing previous import 'lifecycle::last_warnings' by 'rlang::last_warnings' when loading 'tibble'
Warning: replacing previous import 'lifecycle::last_warnings' by 'rlang::last_warnings' when loading 'hms'
Warning: replacing previous import 'dplyr::filter' by 'stats::filter' when loading 'asta'
*** arch - x64
Warning: replacing previous import 'lifecycle::last_warnings' by 'rlang::last_warnings' when loading 'pillar'
Warning: replacing previous import 'lifecycle::last_warnings' by 'rlang::last_warnings' when loading 'tibble'
Warning: replacing previous import 'lifecycle::last_warnings' by 'rlang::last_warnings' when loading 'hms'
Warning: replacing previous import 'dplyr::filter' by 'stats::filter' when loading 'asta'
** testing if installed package keeps a record of temporary installation path
* DONE (asta)
